<?xml version="1.0" encoding="UTF-8"?>
<testsuite name="de.tud.cs.se.flashcards.model.learning.PermutationTest" tests="1" skipped="0" failures="0" errors="0" timestamp="2019-01-21T08:44:40" hostname="LocalHorst.local" time="0.004">
  <properties/>
  <testcase name="testPermutation" classname="de.tud.cs.se.flashcards.model.learning.PermutationTest" time="0.004"/>
  <system-out><![CDATA[]]></system-out>
  <system-err><![CDATA[]]></system-err>
</testsuite>
