<?xml version="1.0" encoding="UTF-8"?>
<testsuite name="de.tud.cs.se.flashcards.model.CommandHistoryTest" tests="1" skipped="0" failures="0" errors="0" timestamp="2019-01-21T08:44:41" hostname="LocalHorst.local" time="0.001">
  <properties/>
  <testcase name="testHistoryManagement" classname="de.tud.cs.se.flashcards.model.CommandHistoryTest" time="0.001"/>
  <system-out><![CDATA[]]></system-out>
  <system-err><![CDATA[]]></system-err>
</testsuite>
