<?xml version="1.0" encoding="UTF-8"?>
<testsuite name="de.tud.cs.se.flashcards.model.FlashcardSeriesFilterTest" tests="3" skipped="0" failures="0" errors="0" timestamp="2019-01-21T08:44:41" hostname="LocalHorst.local" time="0.029">
  <properties/>
  <testcase name="testConstruction" classname="de.tud.cs.se.flashcards.model.FlashcardSeriesFilterTest" time="0.02"/>
  <testcase name="testCardManagement" classname="de.tud.cs.se.flashcards.model.FlashcardSeriesFilterTest" time="0.004"/>
  <testcase name="testFilteringAndEventHandling" classname="de.tud.cs.se.flashcards.model.FlashcardSeriesFilterTest" time="0.002"/>
  <system-out><![CDATA[]]></system-out>
  <system-err><![CDATA[]]></system-err>
</testsuite>
