<?xml version="1.0" encoding="UTF-8"?>
<testsuite name="de.tud.cs.se.flashcards.model.FlashcardSeriesFilterTest" tests="3" skipped="0" failures="0" errors="0" timestamp="2019-01-19T11:23:56" hostname="x493.vpn.hrz.tu-darmstadt.de" time="0.006">
  <properties/>
  <testcase name="testConstruction" classname="de.tud.cs.se.flashcards.model.FlashcardSeriesFilterTest" time="0.002"/>
  <testcase name="testCardManagement" classname="de.tud.cs.se.flashcards.model.FlashcardSeriesFilterTest" time="0.002"/>
  <testcase name="testFilteringAndEventHandling" classname="de.tud.cs.se.flashcards.model.FlashcardSeriesFilterTest" time="0.001"/>
  <system-out><![CDATA[]]></system-out>
  <system-err><![CDATA[]]></system-err>
</testsuite>
